<?xml version="1.0" encoding="UTF-8"?>
<testsuite xmlns:xsi="http://www.w3.org/2001/XMLSchema-instance" xsi:noNamespaceSchemaLocation="https://maven.apache.org/surefire/maven-surefire-plugin/xsd/surefire-test-report-3.0.xsd" version="3.0" name="TestPizzaFactory" time="0.125" tests="6" errors="0" skipped="0" failures="0">
  <properties>
[...]
</properties>
  <testcase name="testLiskovSubstitutionPrinciple" classname="TestPizzaFactory" time="0.004">
    <system-out><![CDATA[Preparing Cheese Pizza...
Baking Cheese Pizza...
Cutting Cheese Pizza...
Boxing Cheese Pizza...
Preparing Greek Pizza...
Baking Greek Pizza...
Cutting Greek Pizza...
Boxing Greek Pizza...
Preparing Pepperoni Pizza...
Baking Pepperoni Pizza...
Cutting Pepperoni Pizza...
Boxing Pepperoni Pizza...
Preparing Gluten-Free Pizza...
Baking Gluten-Free Pizza...
Cutting Gluten-Free Pizza...
Boxing Gluten-Free Pizza...
]]></system-out>
  </testcase>
  <testcase name="testOrderPepperoniPizza" classname="TestPizzaFactory" time="0.001">
    <system-out><![CDATA[Preparing Pepperoni Pizza...
Baking Pepperoni Pizza...
Cutting Pepperoni Pizza...
Boxing Pepperoni Pizza...
Preparing Pepperoni Pizza...
Baking Pepperoni Pizza...
Cutting Pepperoni Pizza...
Boxing Pepperoni Pizza...
]]></system-out>
  </testcase>
  <testcase name="testOrderGreekPizza" classname="TestPizzaFactory" time="0.013">
    <system-out><![CDATA[Preparing Greek Pizza...
Baking Greek Pizza...
Cutting Greek Pizza...
Boxing Greek Pizza...
Preparing Greek Pizza...
Baking Greek Pizza...
Cutting Greek Pizza...
Boxing Greek Pizza...
]]></system-out>
  </testcase>
  <testcase name="testOrderInvalidPizza" classname="TestPizzaFactory" time="0">
    <system-out><![CDATA[Invalid pizza type: unknown
]]></system-out>
  </testcase>
  <testcase name="testOrderCheesePizza" classname="TestPizzaFactory" time="0.002">
    <system-out><![CDATA[Preparing Cheese Pizza...
Baking Cheese Pizza...
Cutting Cheese Pizza...
Boxing Cheese Pizza...
Preparing Cheese Pizza...
Baking Cheese Pizza...
Cutting Cheese Pizza...
Boxing Cheese Pizza...
]]></system-out>
  </testcase>
  <testcase name="testOrderGlutenFreePizza" classname="TestPizzaFactory" time="0.001">
    <system-out><![CDATA[Preparing Gluten-Free Pizza...
Baking Gluten-Free Pizza...
Cutting Gluten-Free Pizza...
Boxing Gluten-Free Pizza...
Preparing Gluten-Free Pizza...
Baking Gluten-Free Pizza...
Cutting Gluten-Free Pizza...
Boxing Gluten-Free Pizza...
]]></system-out>
  </testcase>
</testsuite>